<?xml version="1.0" encoding="UTF-8"?>
<!-- Generated by org.testng.reporters.JUnitXMLReporter -->
<testsuite ignored="0" hostname="DESKTOP-K234SKN" failures="0" tests="5" name="Test" time="0.043" errors="0" timestamp="14 Jun 2023 07:02:30 GMT">
  <testcase classname="Testcases.BankTestCase" name="Test1" time="0.003"/>
  <testcase classname="Testcases.BankTestCase" name="Testcase2" time="0.001"/>
  <testcase classname="Testcases.BasicClass" name="test3" time="0.001"/>
  <testcase classname="Testcases.BankTestCase" name="Test1" time="0.002"/>
  <testcase classname="Testcases.BankTestCase" name="Testcase2" time="0.0"/>
</testsuite> <!-- Test -->
