<?xml version="1.0" encoding="UTF-8"?>
<!-- Generated by org.testng.reporters.JUnitXMLReporter -->
<testsuite ignored="2" hostname="DESKTOP-K234SKN" failures="0" tests="2" name="Test" time="0.026" errors="0" timestamp="16 Jun 2023 08:51:28 GMT">
  <testcase classname="Testcases.BasicClass" name="test3" time="0.007"/>
  <testcase classname="Testcases.axisbankdeposited" name="test4" time="0.001"/>
  <testcase classname="Testcases.BankTestCase" name="Test2" time="0.0">
    <ignored/>
  </testcase> <!-- Test2 -->
  <testcase classname="Testcases.BankTestCase" name="Test1" time="0.0">
    <ignored/>
  </testcase> <!-- Test1 -->
</testsuite> <!-- Test -->
