<?xml version="1.0" encoding="UTF-8"?>
<!-- Generated by org.testng.reporters.JUnitXMLReporter -->
<testsuite ignored="0" hostname="DESKTOP-K234SKN" failures="0" tests="4" name="Test" time="0.032" errors="0" timestamp="16 Jun 2023 09:09:44 GMT">
  <testcase classname="Testcases.BankTestCase" name="Test1" time="0.003"/>
  <testcase classname="Testcases.BankTestCase" name="Test2" time="0.002"/>
  <testcase classname="Testcases.BasicClass" name="test3" time="0.0"/>
  <testcase classname="Testcases.axisbankdeposited" name="test4" time="0.002"/>
</testsuite> <!-- Test -->
