<?xml version="1.0" encoding="UTF-8"?>
<testng-results ignored="0" total="4" passed="4" failed="0" skipped="0">
  <reporter-output>
  </reporter-output>
  <suite started-at="2023-06-16T09:09:44Z" name="sanity" finished-at="2023-06-16T09:09:44Z" duration-ms="32">
    <groups>
      <group name="sanity">
        <method signature="BankTestCase.Test2()[pri:0, instance:Testcases.BankTestCase@73a8da0f]" name="Test2" class="Testcases.BankTestCase"/>
      </group> <!-- sanity -->
    </groups>
    <test started-at="2023-06-16T09:09:44Z" name="Test" finished-at="2023-06-16T09:09:44Z" duration-ms="32">
      <class name="Testcases.axisbankdeposited">
        <test-method signature="test4()[pri:0, instance:Testcases.axisbankdeposited@4416d64f]" started-at="2023-06-16T09:09:44Z" name="test4" finished-at="2023-06-16T09:09:44Z" duration-ms="2" status="PASS">
          <reporter-output>
          </reporter-output>
        </test-method> <!-- test4 -->
        <test-method is-config="true" signature="method3()[pri:0, instance:Testcases.axisbankdeposited@4416d64f]" started-at="2023-06-16T09:09:44Z" name="method3" finished-at="2023-06-16T09:09:44Z" duration-ms="1" status="PASS">
          <reporter-output>
          </reporter-output>
        </test-method> <!-- method3 -->
        <test-method is-config="true" signature="class3()[pri:0, instance:Testcases.axisbankdeposited@4416d64f]" started-at="2023-06-16T09:09:44Z" name="class3" finished-at="2023-06-16T09:09:44Z" duration-ms="0" status="PASS">
          <reporter-output>
          </reporter-output>
        </test-method> <!-- class3 -->
      </class> <!-- Testcases.axisbankdeposited -->
      <class name="Testcases.BankTestCase">
        <test-method is-config="true" signature="method1()[pri:0, instance:Testcases.BankTestCase@73a8da0f]" started-at="2023-06-16T09:09:44Z" name="method1" finished-at="2023-06-16T09:09:44Z" duration-ms="3" status="PASS">
          <reporter-output>
          </reporter-output>
        </test-method> <!-- method1 -->
        <test-method signature="Test1()[pri:0, instance:Testcases.BankTestCase@73a8da0f]" started-at="2023-06-16T09:09:44Z" name="Test1" finished-at="2023-06-16T09:09:44Z" duration-ms="3" status="PASS">
          <reporter-output>
          </reporter-output>
        </test-method> <!-- Test1 -->
        <test-method is-config="true" signature="method2()[pri:0, instance:Testcases.BankTestCase@73a8da0f]" started-at="2023-06-16T09:09:44Z" name="method2" finished-at="2023-06-16T09:09:44Z" duration-ms="0" status="PASS">
          <reporter-output>
          </reporter-output>
        </test-method> <!-- method2 -->
        <test-method is-config="true" signature="method1()[pri:0, instance:Testcases.BankTestCase@73a8da0f]" started-at="2023-06-16T09:09:44Z" name="method1" finished-at="2023-06-16T09:09:44Z" duration-ms="0" status="PASS">
          <reporter-output>
          </reporter-output>
        </test-method> <!-- method1 -->
        <test-method signature="Test2()[pri:0, instance:Testcases.BankTestCase@73a8da0f]" started-at="2023-06-16T09:09:44Z" name="Test2" finished-at="2023-06-16T09:09:44Z" duration-ms="2" status="PASS">
          <reporter-output>
          </reporter-output>
        </test-method> <!-- Test2 -->
        <test-method is-config="true" signature="method2()[pri:0, instance:Testcases.BankTestCase@73a8da0f]" started-at="2023-06-16T09:09:44Z" name="method2" finished-at="2023-06-16T09:09:44Z" duration-ms="0" status="PASS">
          <reporter-output>
          </reporter-output>
        </test-method> <!-- method2 -->
      </class> <!-- Testcases.BankTestCase -->
      <class name="Testcases.BasicClass">
        <test-method signature="test3()[pri:0, instance:Testcases.BasicClass@50dfbc58]" started-at="2023-06-16T09:09:44Z" name="test3" finished-at="2023-06-16T09:09:44Z" duration-ms="0" status="PASS">
          <reporter-output>
          </reporter-output>
        </test-method> <!-- test3 -->
      </class> <!-- Testcases.BasicClass -->
    </test> <!-- Test -->
  </suite> <!-- sanity -->
</testng-results>
