<?xml version="1.0" encoding="UTF-8"?>
<testng-results ignored="0" total="0" passed="0" failed="0" skipped="0">
  <reporter-output>
  </reporter-output>
  <suite started-at="2023-02-21T17:51:01 IST" name="Default suite" finished-at="2023-02-21T17:51:01 IST" duration-ms="17">
    <groups>
    </groups>
    <test started-at="2023-02-21T17:51:01 IST" name="Default test" finished-at="2023-02-21T17:51:01 IST" duration-ms="17">
      <class name="new1.new1.Demo_new2_TestNG">
        <test-method is-config="true" signature="beforeSuite()[pri:0, instance:new1.new1.Demo_new2_TestNG@58e1d9d]" started-at="2023-02-21T17:51:01 IST" name="beforeSuite" finished-at="2023-02-21T17:51:01 IST" duration-ms="12" status="PASS">
          <reporter-output>
          </reporter-output>
        </test-method> <!-- beforeSuite -->
        <test-method is-config="true" signature="beforeTest()[pri:0, instance:new1.new1.Demo_new2_TestNG@58e1d9d]" started-at="2023-02-21T17:51:01 IST" name="beforeTest" finished-at="2023-02-21T17:51:01 IST" duration-ms="1" status="PASS">
          <reporter-output>
          </reporter-output>
        </test-method> <!-- beforeTest -->
        <test-method is-config="true" signature="afterTest()[pri:0, instance:new1.new1.Demo_new2_TestNG@58e1d9d]" started-at="2023-02-21T17:51:01 IST" name="afterTest" finished-at="2023-02-21T17:51:01 IST" duration-ms="1" status="PASS">
          <reporter-output>
          </reporter-output>
        </test-method> <!-- afterTest -->
        <test-method is-config="true" signature="afterSuite()[pri:0, instance:new1.new1.Demo_new2_TestNG@58e1d9d]" started-at="2023-02-21T17:51:01 IST" name="afterSuite" finished-at="2023-02-21T17:51:01 IST" duration-ms="0" status="PASS">
          <reporter-output>
          </reporter-output>
        </test-method> <!-- afterSuite -->
      </class> <!-- new1.new1.Demo_new2_TestNG -->
    </test> <!-- Default test -->
  </suite> <!-- Default suite -->
</testng-results>
